R[write to console]: 
Attaching package: ‘dplyr’


R[write to console]: The following objects are masked from ‘package:stats’:

    filter, lag


R[write to console]: The following objects are masked from ‘package:base’:

    intersect, setdiff, setequal, union


[info] Parsing spec ...
[info] Parsing succeeded
[info] Building synthesizer ...
[info] Synthesizing programs ...
[info] # candidates before getting the correct solution: 6
[info] Solution found: [gatherNeg(@param0, ['-1', '-2', '-3'])]
[info] Parsing spec ...
[info] Parsing succeeded
[info] Building synthesizer ...
[info] Synthesizing programs ...
[info] # candidates before getting the correct solution: 2
[info] Solution found: [gather(@param0, ['2', '3'])]
====> run synthesize 002.json
# num samples per layer: 4
     Month  East  West  Low (<50%}  Medium (50%-80%}  High (>80%)
1   Apr-15  86.4  63.0        50.0              30.0         20.0
2   May-15  45.8  58.9        50.0              30.0         20.0
3   Jun-15  44.1  81.6        50.0              30.0         20.0
4   Jul-15  77.6  86.1        50.0              30.0         20.0
5   Aug-15  80.7  95.0        50.0              30.0         20.0
6   Sep-15  83.7  78.2        50.0              30.0         20.0
7   Oct-15  78.8  98.9        50.0              30.0         20.0
8   Nov-15  76.0  88.3        50.0              30.0         20.0
9   Dec-15  79.0  75.5        50.0              30.0         20.0
10  Jan-16  77.0  72.1        50.0              30.0         20.0
11  Feb-16  67.1  93.1        50.0              30.0         20.0
12  Mar-16  45.8  95.7        50.0              30.0         20.0
      c_x   c_y           c_color
1  Nov-15  20.0       High (>80%)
2  Aug-15  30.0  Medium (50%-80%}
3  Jan-16  20.0       High (>80%)
4  Dec-15  20.0       High (>80%)
# candidates before getting the correct solution: 6
     Month  East  West  Low (<50%}  Medium (50%-80%}  High (>80%)
1   Apr-15  86.4  63.0        50.0              30.0         20.0
2   May-15  45.8  58.9        50.0              30.0         20.0
3   Jun-15  44.1  81.6        50.0              30.0         20.0
4   Jul-15  77.6  86.1        50.0              30.0         20.0
5   Aug-15  80.7  95.0        50.0              30.0         20.0
6   Sep-15  83.7  78.2        50.0              30.0         20.0
7   Oct-15  78.8  98.9        50.0              30.0         20.0
8   Nov-15  76.0  88.3        50.0              30.0         20.0
9   Dec-15  79.0  75.5        50.0              30.0         20.0
10  Jan-16  77.0  72.1        50.0              30.0         20.0
11  Feb-16  67.1  93.1        50.0              30.0         20.0
12  Mar-16  45.8  95.7        50.0              30.0         20.0
  c_color     c_x   c_y
1    East  Nov-15  76.0
2    East  Sep-15  83.7
3    East  Jun-15  44.1
4    West  Feb-16  93.1
# candidates before getting the correct solution: 2
## synthesize result for task 002.json
# table_prog:
  [[gatherNeg(@param0, ['-1', '-2', '-3'])], [gather(@param0, ['2', '3'])]]
# vis_spec:
    {'layer': [{'mark': {'type': 'bar', 'opacity': 0.7}, 'encoding': {'x': {'field': 'Month', 'type': 'nominal'}, 'y': {'field': 'VALUE', 'type': 'quantitative'}, 'color': {'field': 'KEY', 'type': 'nominal'}}, 'transform': [{'filter': 'datum.layer_id == 0'}]}, {'mark': {'type': 'line', 'opacity': 0.7}, 'encoding': {'x': {'field': 'Month', 'type': 'nominal'}, 'y': {'field': 'VALUE', 'type': 'quantitative'}, 'color': {'field': 'KEY', 'type': 'nominal'}, 'order': {'field': 'Month', 'type': 'quantitative'}}, 'transform': [{'filter': 'datum.layer_id == 1'}]}], 'resolve': {}}
# time used (s): 1.2731

real	0m2.776s
user	0m2.290s
sys	0m0.330s
