R[write to console]: 
Attaching package: ‘dplyr’


R[write to console]: The following objects are masked from ‘package:stats’:

    filter, lag


R[write to console]: The following objects are masked from ‘package:base’:

    intersect, setdiff, setequal, union


[info] Parsing spec ...
[info] Parsing succeeded
[info] Building synthesizer ...
[info] Synthesizing programs ...
[info] Solution not found!
[info] Synthesizing programs ...
[info] # candidates before getting the correct solution: 2
[info] Solution found: [gatherNeg(@param0, ['-1']), separate(gatherNeg(@param0, ['-1']), 2)]
====> run synthesize 004.json
# num samples per layer: 4
   Age Group  Male-1986  Female-1986  Male-2050  Female-2050
1      00-04     8580.0       8243.0     5901.0       5637.0
2      05-09     8763.0       8440.0     6070.0       5804.0
3      10-14     8959.0       8659.0     6255.0       5986.0
4      15-19     8836.0       8588.0     6479.0       6213.0
5      20-24     8096.0       7930.0     6704.0       6455.0
6      25-29     7524.0       7413.0     6895.0       6673.0
7      30-34     6749.0       6759.0     7052.0       6862.0
8      35-39     5719.0       5815.0     7186.0       7037.0
9      40-44     4765.0       4926.0     7309.0       7215.0
10     45-49     3848.0       4062.0     7455.0       7440.0
11     50-54     2994.0       3250.0     7705.0       7810.0
12     55-59     2391.0       2698.0     7395.0       7669.0
13     60-64     1862.0       2207.0     7315.0       7870.0
14     65-69     1384.0       1783.0     6712.0       7607.0
15     70-74      942.0       1330.0     5621.0       6844.0
16     75-79      547.0        864.0     4176.0       5623.0
17     80-00      382.0        763.0     4876.0       8575.0
  c_color c_column     c_x    c_y
1    2050   Female  6673.0  25-29
2    1986     Male  1862.0  60-64
3    1986   Female  4062.0  45-49
4    1986   Female  4926.0  40-44
# candidates before getting the correct solution: 2
## synthesize result for task 004.json
# table_prog:
  [gatherNeg(@param0, ['-1']), separate(gatherNeg(@param0, ['-1']), 2)]
# vis_spec:
    {'mark': 'line', 'encoding': {'x': {'field': 'VALUE', 'type': 'quantitative'}, 'y': {'field': 'Age Group', 'type': 'nominal'}, 'color': {'field': 'COL944', 'type': 'nominal'}, 'column': {'field': 'COL943', 'type': 'nominal'}, 'order': {'field': 'VALUE', 'type': 'quantitative'}}}
# time used (s): 14.2530

real	0m15.693s
user	0m15.290s
sys	0m0.290s
