R[write to console]: 
Attaching package: ‘dplyr’


R[write to console]: The following objects are masked from ‘package:stats’:

    filter, lag


R[write to console]: The following objects are masked from ‘package:base’:

    intersect, setdiff, setequal, union


[info] Parsing spec ...
[info] Parsing succeeded
[info] Building synthesizer ...
[info] Synthesizing programs ...
[info] # candidates before getting the correct solution: 0
[info] Solution found: [gather(@param0, ['2', '3', '4'])]
[info] Parsing spec ...
[info] Parsing succeeded
[info] Building synthesizer ...
[info] Synthesizing programs ...
[info] # candidates before getting the correct solution: 4
[info] Solution found: [gather(@param0, ['5'])]
====> run synthesize 005.json
# num samples per layer: 4
  Month  Sales  Cost  Profit    ROI
1   Jan   10.0   6.0     4.0  66.67
2   Feb   20.0  15.0     5.0  33.33
3   Mar   30.0  24.0     6.0  25.00
4   Apr   40.0  33.0     7.0  21.21
5   May   50.0  42.0     8.0  19.05
6   Jun   60.0  51.0     9.0  17.65
   c_x   c_y c_color
1  Jun  51.0    Cost
2  Jun   9.0  Profit
3  Mar  30.0   Sales
4  Jan  10.0   Sales
# candidates before getting the correct solution: 0
  Month  Sales  Cost  Profit    ROI
1   Jan   10.0   6.0     4.0  66.67
2   Feb   20.0  15.0     5.0  33.33
3   Mar   30.0  24.0     6.0  25.00
4   Apr   40.0  33.0     7.0  21.21
5   May   50.0  42.0     8.0  19.05
6   Jun   60.0  51.0     9.0  17.65
  c_color  c_x    c_y
1     ROI  Jan  66.67
2     ROI  Jun  17.65
3     ROI  Mar  25.00
4     ROI  May  19.05
# candidates before getting the correct solution: 4
## synthesize result for task 005.json
# table_prog:
  [[gather(@param0, ['2', '3', '4'])], [gather(@param0, ['5'])]]
# vis_spec:
    {'layer': [{'mark': {'type': 'bar', 'opacity': 0.7}, 'encoding': {'x': {'field': 'Month', 'type': 'nominal'}, 'y': {'field': 'VALUE', 'type': 'quantitative'}, 'color': {'field': 'KEY', 'type': 'nominal'}}, 'transform': [{'filter': 'datum.layer_id == 0'}]}, {'mark': {'type': 'line', 'opacity': 0.7}, 'encoding': {'x': {'field': 'Month', 'type': 'nominal'}, 'y': {'field': 'VALUE', 'type': 'quantitative'}, 'color': {'field': 'KEY', 'type': 'nominal'}, 'order': {'field': 'Month', 'type': 'quantitative'}}, 'transform': [{'filter': 'datum.layer_id == 1'}]}], 'resolve': {}}
# time used (s): 0.8332

real	0m2.287s
user	0m1.930s
sys	0m0.250s
