R[write to console]: 
Attaching package: ‘dplyr’


R[write to console]: The following objects are masked from ‘package:stats’:

    filter, lag


R[write to console]: The following objects are masked from ‘package:base’:

    intersect, setdiff, setequal, union


[info] Parsing spec ...
[info] Parsing succeeded
[info] Building synthesizer ...
[info] Synthesizing programs ...
[info] # candidates before getting the correct solution: 0
[info] Solution found: [gather(@param0, ['2', '3'])]
====> run synthesize 006.json
# num samples per layer: 4
     Bucket  Budgeted  Actual
1  Bucket E     100.0   115.0
2  Bucket D     100.0    90.0
3  Bucket C     125.0   115.0
4  Bucket B     125.0   140.0
5  Bucket A     140.0   150.0
        c_x    c_y   c_color
1  Bucket E  115.0    Actual
2  Bucket B  140.0    Actual
3  Bucket C  115.0    Actual
4  Bucket C  125.0  Budgeted
# candidates before getting the correct solution: 0
## synthesize result for task 006.json
# table_prog:
  [gather(@param0, ['2', '3'])]
# vis_spec:
    {'mark': 'bar', 'encoding': {'x': {'field': 'Bucket', 'type': 'nominal'}, 'y': {'field': 'VALUE', 'type': 'quantitative'}, 'color': {'field': 'KEY', 'type': 'nominal'}}}
# time used (s): 0.4029

real	0m1.900s
user	0m1.430s
sys	0m0.250s
