R[write to console]: 
Attaching package: ‘dplyr’


R[write to console]: The following objects are masked from ‘package:stats’:

    filter, lag


R[write to console]: The following objects are masked from ‘package:base’:

    intersect, setdiff, setequal, union


[info] Parsing spec ...
[info] Parsing succeeded
[info] Building synthesizer ...
[info] Synthesizing programs ...
[info] # candidates before getting the correct solution: 1
[info] Solution found: [gatherNeg(@param0, ['-1', '-2'])]
====> run synthesize 009.json
# num samples per layer: 4
         Location                                  Rae  2009  ...  2012  2013  2014
1   United States                                White  13.3  ...  13.1  12.9  10.4
2   United States            Black or African American  18.1  ...  17.3  17.1  13.6
3   United States     American Indian or Alaska Native  29.2  ...  27.4  26.9  23.1
4   United States                                Asian  14.8  ...  15.0  14.6  10.6
5   United States  Native Hawaiian or Pacific Islander  17.3  ...  18.0  17.9  13.5
6   United States                           Other Race  34.1  ...  32.3  31.7  26.1
7   United States                    Two or more races  14.5  ...  14.0  13.2  10.4
8   United States         White,not Hispanic or Latino  10.7  ...  10.4  10.2   8.1
9   United States                   Hispanic or Latino  31.0  ...  29.0  28.4  23.5
10        Arizona                                White  16.3  ...  16.0  15.7  12.2
11        Arizona            Black or African American  15.9  ...  16.2  17.4  11.1
12        Arizona     American Indian or Alaska Native  30.6  ...  29.3  26.9  24.1
13        Arizona                                Asian  15.0  ...  16.2  15.1  11.0
14        Arizona  Native Hawaiian or Pacific Islander  25.5  ...  16.6  21.3  18.4
15        Arizona                           Other Race  23.7  ...  31.0  30.1  27.2
16        Arizona                    Two or more races  14.3  ...  16.5  15.2  13.2
17        Arizona         White,not Hispanic or Latino  11.1  ...  11.3  11.2   8.6
18        Arizona                   Hispanic or Latino  27.9  ...  28.3  27.5  22.2
19       Maricopa                                White  17.6  ...  16.4  16.3  12.4
20       Maricopa            Black or African American  16.4  ...  16.9  17.9  11.6
21       Maricopa     American Indian or Alaska Native  16.4  ...  30.8  14.8  29.6
22       Maricopa                                Asian  37.6  ...  17.3  15.0  10.2
23       Maricopa  Native Hawaiian or Pacific Islander  14.5  ...  16.1  29.9  14.6
24       Maricopa                           Other Race  23.3  ...  32.1  32.8  27.6
25       Maricopa                    Two or more races  25.3  ...  14.3  15.3  13.9
26       Maricopa         White,not Hispanic or Latino  15.1  ...  10.8  10.9   8.1
27       Maricopa                   Hispanic or Latino  11.0  ...  30.6  30.3  23.9

[27 rows x 8 columns]
    c_x   c_y        c_color                             c_column
1  2013  14.6  United States                                Asian
2  2009  23.7        Arizona                           Other Race
3  2011  30.2        Arizona  Native Hawaiian or Pacific Islander
4  2010  28.4       Maricopa                           Other Race
# candidates before getting the correct solution: 1
## synthesize result for task 009.json
# table_prog:
  [gatherNeg(@param0, ['-1', '-2'])]
# vis_spec:
    {'mark': 'point', 'encoding': {'x': {'field': 'KEY', 'type': 'nominal'}, 'y': {'field': 'VALUE', 'type': 'quantitative'}, 'color': {'field': 'Location', 'type': 'nominal'}, 'column': {'field': 'Rae', 'type': 'nominal'}}}
# time used (s): 2.2857

real	0m3.723s
user	0m3.360s
sys	0m0.220s
