R[write to console]: 
Attaching package: ‘dplyr’


R[write to console]: The following objects are masked from ‘package:stats’:

    filter, lag


R[write to console]: The following objects are masked from ‘package:base’:

    intersect, setdiff, setequal, union


[info] Parsing spec ...
[info] Parsing succeeded
[info] Building synthesizer ...
[info] Synthesizing programs ...
[info] # candidates before getting the correct solution: 0
[info] Solution found: [gather(@param0, ['2', '3'])]
====> run synthesize 010.json
# num samples per layer: 4
      Class  Fall  Spring
1  Literacy  34.0    69.0
2  Language  63.0    77.0
3      Math  67.0    75.0
4   Science  92.0    98.0
5      Arts  96.0   100.0
    c_x       c_y c_color
1  98.0   Science  Spring
2  67.0      Math    Fall
3  69.0  Literacy  Spring
4  75.0      Math  Spring
# candidates before getting the correct solution: 0
## synthesize result for task 010.json
# table_prog:
  [gather(@param0, ['2', '3'])]
# vis_spec:
    {'mark': 'point', 'encoding': {'x': {'field': 'VALUE', 'type': 'quantitative'}, 'y': {'field': 'Class', 'type': 'nominal'}, 'color': {'field': 'KEY', 'type': 'nominal'}}}
# time used (s): 0.4583

real	0m1.945s
user	0m1.540s
sys	0m0.280s
