R[write to console]: 
Attaching package: ‘dplyr’


R[write to console]: The following objects are masked from ‘package:stats’:

    filter, lag


R[write to console]: The following objects are masked from ‘package:base’:

    intersect, setdiff, setequal, union


[info] Parsing spec ...
[info] Parsing succeeded
[info] Building synthesizer ...
[info] Synthesizing programs ...
[info] # candidates before getting the correct solution: 0
[info] Solution found: [separate(@param0, 3)]
====> run synthesize 015.json
# num samples per layer: 4
    Shift  Period Start of Shift End of Shift  Duration
1     1.0     1.0      50 / 1150   110 / 1090      60.0
2     2.0     1.0      224 / 976    272 / 928      48.0
3     3.0     1.0      379 / 821    419 / 781      40.0
4     4.0     1.0      545 / 655    601 / 599      56.0
5     5.0     1.0      759 / 441    840 / 360      81.0
6     6.0     1.0      966 / 234   1014 / 186      48.0
7     7.0     1.0     1084 / 116    1146 / 54      62.0
8     8.0     2.0       0 / 1200    60 / 1140      60.0
9     9.0     2.0     157 / 1043    245 / 955      88.0
10   10.0     2.0      558 / 642    604 / 596      46.0
11   11.0     2.0      701 / 499    767 / 433      66.0
12   12.0     2.0      830 / 370    913 / 287      83.0
13   13.0     2.0     1057 / 143    1140 / 60      83.0
14   14.0     3.0      39 / 1161    76 / 1124      37.0
15   15.0     3.0     177 / 1023    205 / 995      28.0
16   16.0     3.0      325 / 875    376 / 824      51.0
17   17.0     3.0      541 / 659    564 / 636      23.0
18   18.0     3.0      684 / 516    694 / 506      10.0
19   19.0     3.0      695 / 505    775 / 425      80.0
20   20.0     3.0      987 / 213     1200 / 0     213.0
   c_x    c_y
1  2.0  157.0
2  1.0  545.0
3  1.0  966.0
4  3.0  684.0
# candidates before getting the correct solution: 0
## synthesize result for task 015.json
# table_prog:
  [separate(@param0, 3)]
# vis_spec:
    {'mark': 'point', 'encoding': {'x': {'field': 'Period', 'type': 'quantitative'}, 'y': {'field': 'COL7', 'type': 'quantitative'}}}
# time used (s): 0.2667

real	0m1.804s
user	0m1.300s
sys	0m0.360s
