R[write to console]: 
Attaching package: ‘dplyr’


R[write to console]: The following objects are masked from ‘package:stats’:

    filter, lag


R[write to console]: The following objects are masked from ‘package:base’:

    intersect, setdiff, setequal, union


[info] Parsing spec ...
[info] Parsing succeeded
[info] Building synthesizer ...
[info] Synthesizing programs ...
[info] Solution not found!
[info] Synthesizing programs ...
[info] Solution not found!
[info] Parsing spec ...
[info] Parsing succeeded
[info] Building synthesizer ...
[info] Synthesizing programs ...
[info] Solution not found!
[info] Synthesizing programs ...
[info] Solution not found!
[info] Parsing spec ...
[info] Parsing succeeded
[info] Building synthesizer ...
[info] Synthesizing programs ...
[info] Solution not found!
[info] Synthesizing programs ...
[info] Solution not found!
[info] Parsing spec ...
[info] Parsing succeeded
[info] Building synthesizer ...
[info] Synthesizing programs ...
[info] Solution not found!
[info] Synthesizing programs ...
[info] Solution not found!
====> run synthesize 018.json
# num samples per layer: 4
   2012  2013  2014  2015               Item
1  20.0  12.0  13.0  12.0  Desktop Computers
2  34.0  45.0  40.0  39.0            Laptops
3  12.0  10.0  17.0  15.0           Monitors
4  78.0  13.0  90.0  14.0           Printers
    c_x   c_y            c_color
1  2012  34.0            Laptops
2  2013  12.0  Desktop Computers
3  2013  45.0            Laptops
4  2014  40.0            Laptops
   2012  2013  2014  2015               Item
1  20.0  12.0  13.0  12.0  Desktop Computers
2  34.0  45.0  40.0  39.0            Laptops
3  12.0  10.0  17.0  15.0           Monitors
4  78.0  13.0  90.0  14.0           Printers
    c_color   c_x   c_y
1  Monitors  2012  12.0
2  Printers  2012  78.0
3  Printers  2014  90.0
4  Printers  2015  14.0
   2012  2013  2014  2015               Item
1  20.0  12.0  13.0  12.0  Desktop Computers
2  34.0  45.0  40.0  39.0            Laptops
3  12.0  10.0  17.0  15.0           Monitors
4  78.0  13.0  90.0  14.0           Printers
    c_x   c_y  c_y2            c_color
1  2014   0.0  40.0            Laptops
2  2014  40.0  53.0  Desktop Computers
3  2015   0.0  39.0            Laptops
4  2015  39.0  51.0  Desktop Computers
   2012  2013  2014  2015               Item
1  20.0  12.0  13.0  12.0  Desktop Computers
2  34.0  45.0  40.0  39.0            Laptops
3  12.0  10.0  17.0  15.0           Monitors
4  78.0  13.0  90.0  14.0           Printers
    c_color   c_x   c_y
1  Monitors  2012  12.0
2  Monitors  2014  17.0
3  Monitors  2015  15.0
4  Printers  2015  14.0
## synthesize result for task 018.json

real	5m12.922s
user	5m12.080s
sys	0m0.490s
