R[write to console]: 
Attaching package: ‘dplyr’


R[write to console]: The following objects are masked from ‘package:stats’:

    filter, lag


R[write to console]: The following objects are masked from ‘package:base’:

    intersect, setdiff, setequal, union


[info] Parsing spec ...
[info] Parsing succeeded
[info] Building synthesizer ...
[info] Synthesizing programs ...
[info] # candidates before getting the correct solution: 0
[info] Solution found: [separate(@param0, 1)]
====> run synthesize 023.json
# num samples per layer: 4
     data_ora      site      type  value
1         6_0    e90e50  computer   22.0
2         6_0    e90e50    mobile    8.0
3         6_0  e90e50fx  computer   17.0
4         6_0  e90e50fx    mobile    5.0
5         6_1    e90e50  computer    8.0
...       ...       ...       ...    ...
1982    30_15    e90e50    mobile    9.0
1983    30_15  e90e50fx  computer    9.0
1984    30_15  e90e50fx    mobile    8.0
1985    30_16    e90e50  computer   21.0
1986    30_16    e90e50    mobile   14.0

[1986 rows x 4 columns]
  c_x c_y  c_color  c_column
1  16  18     20.0    e90e50
2  16   8      4.0    e90e50
3  24  23      8.0  e90e50fx
4  21   4     11.0    e90e50
# candidates before getting the correct solution: 0
## synthesize result for task 023.json
# table_prog:
  [separate(@param0, 1)]
# vis_spec:
    {'mark': 'point', 'encoding': {'x': {'field': 'COL6', 'type': 'nominal'}, 'y': {'field': 'COL7', 'type': 'nominal'}, 'color': {'field': 'value', 'type': 'nominal'}, 'column': {'field': 'site', 'type': 'nominal'}}}
# time used (s): 1.2138

real	0m2.907s
user	0m2.440s
sys	0m0.220s
