R[write to console]: 
Attaching package: ‘dplyr’


R[write to console]: The following objects are masked from ‘package:stats’:

    filter, lag


R[write to console]: The following objects are masked from ‘package:base’:

    intersect, setdiff, setequal, union


[info] Parsing spec ...
[info] Parsing succeeded
[info] Building synthesizer ...
[info] Synthesizing programs ...
[info] Solution not found!
[info] Synthesizing programs ...
[info] Solution not found!
====> run synthesize 028.json
# num samples per layer: 4
    Number of students
1                 22.0
2                 29.0
3                 40.0
4                 30.0
5                 48.0
6                 24.0
7                 21.0
8                 19.0
9                 24.0
10                22.0
11                25.0
12                52.0
13                35.0
14                40.0
15                31.0
16                37.0
17                21.0
18                23.0
       c_x  c_y
1  (19,26]  9.0
2  (26,32]  3.0
3  (39,45]  2.0
4  (45,52]  2.0
## synthesize result for task 028.json

real	0m8.645s
user	0m8.180s
sys	0m0.370s
