R[write to console]: 
Attaching package: ‘dplyr’


R[write to console]: The following objects are masked from ‘package:stats’:

    filter, lag


R[write to console]: The following objects are masked from ‘package:base’:

    intersect, setdiff, setequal, union


[info] Parsing spec ...
[info] Parsing succeeded
[info] Building synthesizer ...
[info] Synthesizing programs ...
[info] Solution not found!
[info] Synthesizing programs ...
[info] # candidates before getting the correct solution: 7
[info] Solution found: [gatherNeg(@param0, ['-1', '-2', '-3']), mutateCustom(gatherNeg(@param0, ['-1', '-2', '-3']), ==, 2, Archery)]
====> run synthesize 029.json
# num samples per layer: 4
    Rank                                Sport   Total  ...  Power  Speed  Strength
1   55.0                              Archery  30.625  ...   3.13   1.13      4.50
2   32.0                          Auto Racing  47.875  ...   2.63   1.63      3.50
3   30.0                            Badminton  48.000  ...   4.00   5.63      3.25
4    9.0                    Baseball/Softball  62.250  ...   7.63   6.50      5.75
5    4.0                           Basketball  67.875  ...   6.50   7.25      6.25
6   59.0                            Billiards  21.500  ...   1.75   0.75      1.00
7   28.0                     Bobsledding/Luge  49.250  ...   6.50   6.75      5.50
8   57.0                              Bowling  25.375  ...   3.38   1.00      2.75
9    1.0                               Boxing  72.375  ...   8.63   6.38      8.13
10  49.0                          Canoe/Kayak  42.000  ...   5.63   3.50      5.25
11  52.0                         Cheerleading  36.250  ...   3.38   2.25      3.63
12  56.0                              Curling  27.500  ...   2.50   1.50      2.63
13  20.0                    Cycling: Distance  54.375  ...   6.25   5.13      6.38
14  27.0                     Cycling: Sprints  50.000  ...   7.88   7.50      6.13
15  35.0                               Diving  47.000  ...   4.63   3.00      5.13
16  54.0                           Equestrian  31.750  ...   1.75   1.25      3.25
17  24.0                              Fencing  52.750  ...   4.25   5.13      3.75
18  17.0                         Field Hockey  54.875  ...   5.38   6.00      4.50
19  19.0                       Figure Skating  54.750  ...   6.63   5.13      5.25
20  60.0                              Fishing  14.500  ...   1.25   0.63      1.63
21   3.0                             Football  68.375  ...   8.13   7.13      8.63
22  51.0                                 Golf  37.875  ...   6.13   1.63      3.88
23   8.0                           Gymnastics  62.500  ...   6.63   5.00      6.13
24  50.0                         Horse Racing  41.625  ...   2.88   1.38      3.88
25   2.0                           Ice Hockey  71.750  ...   7.88   7.75      7.13
26  14.0                             Lacrosse  60.375  ...   5.75   7.00      5.13
27   6.0                         Martial Arts  63.375  ...   7.75   6.38      5.88
28  22.0                   Racquetball/Squash  53.625  ...   5.00   5.50      3.75
29  42.0    Rodeo: Bull/Bareback/Bronc Riding  45.875  ...   4.00   1.75      5.38
30  40.0                   Rodeo: Calf Roping  46.000  ...   5.00   4.25      5.38
31  15.0               Rodeo: Steer Wrestling  56.500  ...   7.88   3.88      7.00
32  52.0                       Roller Skating  36.250  ...   4.00   5.13      3.38
33  39.0                               Rowing  46.125  ...   7.13   4.00      7.75
34  13.0                                Rugby  60.500  ...   6.38   5.88      7.00
35  58.0                             Shooting  24.875  ...   1.38   0.88      2.50
36  37.0                        Skateboarding  46.750  ...   3.75   4.13      3.75
37  29.0                          Ski Jumping  48.875  ...   5.75   4.63      4.50
38  11.0                       Skiing: Alpine  60.625  ...   6.00   7.38      5.25
39  25.0                    Skiing: Freestyle  52.500  ...   4.88   5.13      5.13
40  30.0                       Skiing: Nordic  48.000  ...   4.38   5.13      5.75
41  10.0                               Soccer  61.500  ...   5.13   7.25      4.50
42  17.0                        Speed Skating  54.875  ...   7.38   8.88      7.25
43  23.0                              Surfing  53.125  ...   4.13   4.25      5.00
44  36.0     Swimming (all strokes): Distance  46.875  ...   4.63   5.50      5.25
45  45.0      Swimming (all strokes): Sprints  44.125  ...   6.25   7.88      5.25
46  47.0                         Table Tennis  43.000  ...   4.63   4.13      2.50
47  26.0                        Team Handball  50.750  ...   5.38   5.50      3.88
48   7.0                               Tennis  62.750  ...   7.13   6.75      5.13
49  40.0            Track and Field: Distance  46.000  ...   3.75   6.00      5.25
50  33.0           Track and Field: High Jump  47.750  ...   7.00   6.13      6.00
51  34.0  Track and Field: Long, Triple jumps  47.375  ...   7.13   6.75      5.63
52  43.0     Track and Field: Middle Distance  45.500  ...   5.13   7.75      5.13
53  16.0          Track and Field: Pole Vault  55.875  ...   7.25   6.13      6.88
54  38.0             Track and Field: Sprints  46.625  ...   7.25   9.88      5.13
55  48.0             Track and Field: Weights  42.125  ...   9.13   3.00      7.88
56  20.0                           Volleyball  54.375  ...   6.63   5.00      4.88
57  11.0                           Water Polo  60.625  ...   6.88   5.38      6.63
58  46.0                         Water Skiing  44.000  ...   4.50   3.00      5.00
59  44.0                       Weight-Lifting  45.000  ...   9.75   2.63      9.25
60   5.0                            Wrestling  63.500  ...   7.13   5.13      8.38

[60 rows x 13 columns]
    c_x                    c_y  c_size
1  7.25  Hand-Eye-Coordination       0
2  6.63  Hand-Eye-Coordination       1
3  5.88               Strength       0
4  1.25                  Power       0
# candidates before getting the correct solution: 7
## synthesize result for task 029.json
# table_prog:
  [gatherNeg(@param0, ['-1', '-2', '-3']), mutateCustom(gatherNeg(@param0, ['-1', '-2', '-3']), ==, 2, Archery)]
# vis_spec:
    {'mark': 'point', 'encoding': {'x': {'field': 'VALUE', 'type': 'quantitative'}, 'y': {'field': 'KEY', 'type': 'nominal'}, 'size': {'field': 'COL519', 'type': 'quantitative'}}}
# time used (s): 33.4458

real	0m35.052s
user	0m34.530s
sys	0m0.330s
