R[write to console]: 
Attaching package: ‘dplyr’


R[write to console]: The following objects are masked from ‘package:stats’:

    filter, lag


R[write to console]: The following objects are masked from ‘package:base’:

    intersect, setdiff, setequal, union


[info] Parsing spec ...
[info] Parsing succeeded
[info] Building synthesizer ...
[info] Synthesizing programs ...
[info] # candidates before getting the correct solution: 0
[info] Solution found: [gatherNeg(@param0, ['-3'])]
====> run synthesize 032.json
# num samples per layer: 4
    Serie1_y  Serie2_y    id
1       63.0      98.0   0.0
2      123.0     129.0   1.0
3      213.0     164.0   2.0
4      234.0     198.0   3.0
5      322.0     296.0   4.0
6      410.0     351.0   5.0
7      473.0     411.0   6.0
8      484.0     435.0   7.0
9      529.0     448.0   8.0
10     543.0     534.0   9.0
11     592.0     602.0  10.0
12     669.0     650.0  11.0
13     670.0     658.0  12.0
14     693.0     711.0  13.0
15     736.0     772.0  14.0
16     778.0     799.0  15.0
17     786.0     882.0  16.0
18     879.0     976.0  17.0
19     968.0     990.0  18.0
    c_color   c_x    c_y
1  Serie2_y   5.0  351.0
2  Serie1_y  12.0  670.0
3  Serie2_y  11.0  650.0
4  Serie1_y   1.0  123.0
# candidates before getting the correct solution: 0
## synthesize result for task 032.json
# table_prog:
  [gatherNeg(@param0, ['-3'])]
# vis_spec:
    {'mark': 'line', 'encoding': {'x': {'field': 'id', 'type': 'quantitative'}, 'y': {'field': 'VALUE', 'type': 'quantitative'}, 'color': {'field': 'KEY', 'type': 'nominal'}, 'order': {'field': 'id', 'type': 'quantitative'}}}
# time used (s): 0.6435

real	0m2.243s
user	0m1.700s
sys	0m0.330s
