R[write to console]: 
Attaching package: ‘dplyr’


R[write to console]: The following objects are masked from ‘package:stats’:

    filter, lag


R[write to console]: The following objects are masked from ‘package:base’:

    intersect, setdiff, setequal, union


[info] Parsing spec ...
[info] Parsing succeeded
[info] Building synthesizer ...
[info] Synthesizing programs ...
[info] # candidates before getting the correct solution: 4
[info] Solution found: [gatherNeg(@param0, ['-1', '-2'])]
====> run synthesize 033.json
# num samples per layer: 4
      Peak                           activity  ...       1430       1435
1   1320.0                  Playing billiards  ...   3647.150   3172.450
2   1290.0                            Dancing  ...  16784.600  16784.600
3   1170.0                           Softball  ...      0.000      0.000
4      0.0                            Bowling  ...   1154.160   1154.160
5   1165.0                 Playing volleyball  ...      0.000      0.000
6   1150.0      Participating in martial arts  ...      0.000      0.000
7   1140.0             Playing racquet sports  ...      0.000      0.000
8   1110.0                             Biking  ...      0.000      0.000
9   1080.0    Weightlifting/strength training  ...   2177.590   2177.590
10     0.0                         Doing yoga  ...    539.279    539.279
11  1055.0                     Playing soccer  ...      0.000      0.000
12  1020.0                   Playing football  ...      0.000      0.000
13     0.0                 Playing basketball  ...      0.000      0.000
14   990.0                   Playing baseball  ...      0.000      0.000
15     0.0                            Hunting  ...   2579.880   2579.880
16   930.0             Vehicle touring/racing  ...    628.606    628.606
17     0.0                      Rollerblading  ...    812.615    812.615
18   900.0      Participating in water sports  ...    822.386    822.386
19     0.0                            Fishing  ...   3380.190   3380.190
20   860.0                            Boating  ...   2018.270   2018.270
21   840.0  Skiing, ice skating, snowboarding  ...      0.000      0.000
22   780.0                             Hiking  ...      0.000      0.000
23   690.0                            Golfing  ...      0.000      0.000
24   540.0                     Doing aerobics  ...      0.000      0.000
25   510.0                            Walking  ...   2834.590   4370.690
26   480.0                            Running  ...   1386.220   1386.220
27   360.0           Working out, unspecified  ...   3763.080   3485.720
28     0.0     Using cardiovascular equipment  ...    894.043    894.043

[28 rows x 290 columns]
    c_x       c_y                           c_column
1   260   3288.32  Skiing, ice skating, snowboarding
2   340  61623.30      Participating in water sports
3  1305      0.00                   Playing baseball
4   585  11161.50                      Rollerblading
# candidates before getting the correct solution: 4
## synthesize result for task 033.json
# table_prog:
  [gatherNeg(@param0, ['-1', '-2'])]
# vis_spec:
    {'mark': 'bar', 'encoding': {'x': {'field': 'KEY', 'type': 'nominal', 'sort': None}, 'y': {'field': 'VALUE', 'type': 'quantitative'}, 'column': {'field': 'activity', 'type': 'nominal'}}}
# time used (s): 13.4251

real	0m14.984s
user	0m14.510s
sys	0m0.290s
