R[write to console]: 
Attaching package: ‘dplyr’


R[write to console]: The following objects are masked from ‘package:stats’:

    filter, lag


R[write to console]: The following objects are masked from ‘package:base’:

    intersect, setdiff, setequal, union


[info] Parsing spec ...
[info] Parsing succeeded
[info] Building synthesizer ...
[info] Synthesizing programs ...
[info] Solution not found!
[info] Synthesizing programs ...
[info] # candidates before getting the correct solution: 0
[info] Solution found: [gatherNeg(@param0, ['-1']), filter(gatherNeg(@param0, ['-1']), !=, 3, )]
====> run synthesize 034.json
# num samples per layer: 4
   Timeline Values     Forecast Lower Confidence Bound Upper Confidence Bound
1    Jul-15    436                                                           
2    Aug-15    500                                                           
3    Sep-15    805                                                           
4    Oct-15   5124                                                           
5    Nov-15   1674                                                           
6    Dec-15    300                                                           
7    Jan-16    265                                                           
8    Feb-16    742                                                           
9    Mar-16   1955                                                           
10   Apr-16   1466                                                           
11   May-16    584                                                           
12   Jun-16   1097         1097                   1097                   1097
13   Jul-16         939.9246053               -1913.98                3793.83
14   Aug-16         924.4956041               -1952.33                3801.32
15   Sep-16         909.0666028               -1990.86                3808.99
                  c_color     c_x      c_y
1  Upper Confidence Bound  Jul-16  3793.83
2                  Values  Dec-15   300.00
3                  Values  Oct-15  5124.00
4  Lower Confidence Bound  Sep-16 -1990.86
# candidates before getting the correct solution: 0
## synthesize result for task 034.json
# table_prog:
  [gatherNeg(@param0, ['-1']), filter(gatherNeg(@param0, ['-1']), !=, 3, )]
# vis_spec:
    {'mark': 'line', 'encoding': {'x': {'field': 'Timeline', 'type': 'nominal'}, 'y': {'field': 'VALUE', 'type': 'quantitative'}, 'color': {'field': 'KEY', 'type': 'nominal'}, 'order': {'field': 'Timeline', 'type': 'quantitative'}}}
# time used (s): 57.5144

real	0m59.127s
user	0m58.500s
sys	0m0.390s
