R[write to console]: 
Attaching package: ‘dplyr’


R[write to console]: The following objects are masked from ‘package:stats’:

    filter, lag


R[write to console]: The following objects are masked from ‘package:base’:

    intersect, setdiff, setequal, union


[info] Parsing spec ...
[info] Parsing succeeded
[info] Building synthesizer ...
[info] Synthesizing programs ...
[info] # candidates before getting the correct solution: 1
[info] Solution found: [gather(@param0, ['2'])]
[info] Parsing spec ...
[info] Parsing succeeded
[info] Building synthesizer ...
[info] Synthesizing programs ...
[info] # candidates before getting the correct solution: 1
[info] Solution found: [gather(@param0, ['3', '4'])]
====> run synthesize 035.json
# num samples per layer: 4
  DATA  Value  Lower  Upper
1    A  100.0   80.0  116.0
2    B  120.0  103.0  138.0
3    C  140.0  106.0  157.0
4    D   80.0   75.0   85.0
5    E   90.0   85.0  102.0
  c_x    c_y
1   A  100.0
2   B  120.0
3   D   80.0
4   E   90.0
# candidates before getting the correct solution: 1
  DATA  Value  Lower  Upper
1    A  100.0   80.0  116.0
2    B  120.0  103.0  138.0
3    C  140.0  106.0  157.0
4    D   80.0   75.0   85.0
5    E   90.0   85.0  102.0
  c_x    c_y c_color
1   A   80.0   Lower
2   B  138.0   Upper
3   C  106.0   Lower
4   E   85.0   Lower
# candidates before getting the correct solution: 1
## synthesize result for task 035.json
# table_prog:
  [[gather(@param0, ['2'])], [gather(@param0, ['3', '4'])]]
# vis_spec:
    {'layer': [{'mark': {'type': 'bar', 'opacity': 0.7}, 'encoding': {'x': {'field': 'DATA', 'type': 'nominal', 'sort': None}, 'y': {'field': 'VALUE', 'type': 'quantitative'}}, 'transform': [{'filter': 'datum.layer_id == 0'}]}, {'mark': {'type': 'point', 'opacity': 0.7}, 'encoding': {'x': {'field': 'DATA', 'type': 'nominal'}, 'y': {'field': 'VALUE', 'type': 'quantitative'}, 'color': {'field': 'KEY', 'type': 'nominal'}}, 'transform': [{'filter': 'datum.layer_id == 1'}]}], 'resolve': {}}
# time used (s): 0.7926

real	0m2.331s
user	0m1.890s
sys	0m0.270s
