R[write to console]: 
Attaching package: ‘dplyr’


R[write to console]: The following objects are masked from ‘package:stats’:

    filter, lag


R[write to console]: The following objects are masked from ‘package:base’:

    intersect, setdiff, setequal, union


[info] Parsing spec ...
[info] Parsing succeeded
[info] Building synthesizer ...
[info] Synthesizing programs ...
[info] Solution not found!
[info] Synthesizing programs ...
[info] # candidates before getting the correct solution: 0
[info] Solution found: [gatherNeg(@param0, ['-1', '-6']), mutate(gatherNeg(@param0, ['-1', '-6']), -, 2, 4)]
====> run synthesize 037.json
# num samples per layer: 4
                      Category  <-10%    <0%   >10%   >=0%  TOTAL
1              HOME APPLIANCES  194.0  139.0  181.0  131.0  645.0
2                    COMPUTERS  174.0  118.0  173.0  103.0  568.0
3         CAMERAS & CAMCORDERS  110.0   94.0   83.0   68.0  355.0
4                  CELL PHONES   80.0   63.0   69.0   53.0  265.0
5                   TV & VIDEO   62.0   45.0   56.0   42.0  205.0
6                 GAMES & TOYS   65.0   34.0   42.0   25.0  166.0
7                        AUDIO   34.0   19.0   34.0   13.0  100.0
8  MUSIC, MOVIES & AUDIO BOOKS   15.0   26.0   29.0   20.0   90.0
     c_x                          c_y c_color
1   64.0  MUSIC, MOVIES & AUDIO BOOKS     <0%
2  464.0              HOME APPLIANCES    >10%
3  272.0         CAMERAS & CAMCORDERS    >10%
4  395.0                    COMPUTERS    >10%
# candidates before getting the correct solution: 0
## synthesize result for task 037.json
# table_prog:
  [gatherNeg(@param0, ['-1', '-6']), mutate(gatherNeg(@param0, ['-1', '-6']), -, 2, 4)]
# vis_spec:
    {'mark': 'bar', 'encoding': {'x': {'field': 'mutate_a', 'type': 'quantitative'}, 'y': {'field': 'Category', 'type': 'nominal'}, 'color': {'field': 'KEY', 'type': 'nominal'}}}
# time used (s): 253.0825

real	4m14.423s
user	4m13.690s
sys	0m0.430s
