R[write to console]: 
Attaching package: ‘dplyr’


R[write to console]: The following objects are masked from ‘package:stats’:

    filter, lag


R[write to console]: The following objects are masked from ‘package:base’:

    intersect, setdiff, setequal, union


[info] Parsing spec ...
[info] Parsing succeeded
[info] Building synthesizer ...
[info] Synthesizing programs ...
[info] # candidates before getting the correct solution: 1
[info] Solution found: [gatherNeg(@param0, ['-1'])]
====> run synthesize 038.json
# num samples per layer: 4
     x  group1  group2  group3  group4
1  1.0    56.0    63.0    51.0    53.0
2  2.0    23.0    34.0    46.0    52.0
3  3.0    96.0    45.0    63.0    74.0
4  4.0    24.0    36.0    33.0    95.0
5  5.0    75.0    47.0    33.0    46.0
6  6.0    67.0    43.0    34.0    78.0
7  7.0    42.0    51.0    83.0    55.0
8  8.0    45.0    94.0    40.0    41.0
  c_color  c_x   c_y
1  group4  2.0  52.0
2  group3  5.0  33.0
3  group2  7.0  51.0
4  group3  2.0  46.0
# candidates before getting the correct solution: 1
## synthesize result for task 038.json
# table_prog:
  [gatherNeg(@param0, ['-1'])]
# vis_spec:
    {'mark': {'type': 'area', 'opacity': 0.8}, 'encoding': {'x': {'field': 'x', 'type': 'quantitative'}, 'y': {'field': 'VALUE', 'type': 'quantitative', 'stack': None}, 'color': {'field': 'KEY', 'type': 'nominal'}}}
# time used (s): 0.9329

real	0m2.529s
user	0m2.050s
sys	0m0.320s
