R[write to console]: 
Attaching package: ‘dplyr’


R[write to console]: The following objects are masked from ‘package:stats’:

    filter, lag


R[write to console]: The following objects are masked from ‘package:base’:

    intersect, setdiff, setequal, union


[info] Parsing spec ...
[info] Parsing succeeded
[info] Building synthesizer ...
[info] Synthesizing programs ...
[info] Solution not found!
[info] Synthesizing programs ...
[info] Solution not found!
====> run synthesize 039.json
# num samples per layer: 4
   Year  SOUTH-Choc  SOUTH-Bisc  WEST-Choc  WEST-Bisc  NORTH-Choc  NORTH-Bisc
1  2007        10.0         4.0        6.0        4.0        14.0         6.0
2  2008        11.0         5.0       10.0        5.0        18.0         6.7
3  2009        14.0         5.7       12.0        5.7        19.0         7.0
4  2010        16.0         6.0       15.0        6.0        21.0         8.0
  c_column     c_x  c_y  c_y2
1     WEST  2007.0  4.0   6.0
2    NORTH  2008.0  6.7  18.0
3     WEST  2009.0  5.7  12.0
4    SOUTH  2010.0  6.0  16.0
## synthesize result for task 039.json

real	8m36.660s
user	8m35.890s
sys	0m0.460s
