R[write to console]: 
Attaching package: ‘dplyr’


R[write to console]: The following objects are masked from ‘package:stats’:

    filter, lag


R[write to console]: The following objects are masked from ‘package:base’:

    intersect, setdiff, setequal, union


[info] Parsing spec ...
[info] Parsing succeeded
[info] Building synthesizer ...
[info] Synthesizing programs ...
[info] # candidates before getting the correct solution: 0
[info] Solution found: [cumsum(@param0, 2)]
[info] Parsing spec ...
[info] Parsing succeeded
[info] Building synthesizer ...
[info] Synthesizing programs ...
[info] Solution not found!
[info] Synthesizing programs ...
[info] # candidates before getting the correct solution: 9
[info] Solution found: [cumsum(@param0, 2), mutate(cumsum(@param0, 2), -, 4, 2)]
====> run synthesize 040.json
# num samples per layer: 4
      id  Value Win / Loss
1    0.0   10.0        Win
2    1.0    2.0       Loss
3    2.0   12.0        Win
4    3.0    4.0       Loss
5    4.0    5.0        Win
6    5.0   16.0       Loss
7    6.0    9.0        Win
8    7.0   18.0       Loss
9    8.0   12.0        Win
10   9.0    3.0       Loss
11  10.0    4.0        Win
12  11.0    4.0       Loss
13  12.0    1.0        Win
    c_x   c_y c_color
1   4.0  Loss    Loss
2   5.0   Win     Win
3  18.0  Loss    Loss
4  10.0   Win     Win
# candidates before getting the correct solution: 0
===> the program is not consistent with the trace
 [cumsum(@param0, 2)]
===> continue...
      id  Value Win / Loss
1    0.0   10.0        Win
2    1.0    2.0       Loss
3    2.0   12.0        Win
4    3.0    4.0       Loss
5    4.0    5.0        Win
6    5.0   16.0       Loss
7    6.0    9.0        Win
8    7.0   18.0       Loss
9    8.0   12.0        Win
10   9.0    3.0       Loss
11  10.0    4.0        Win
12  11.0    4.0       Loss
13  12.0    1.0        Win
    c_x  c_x2   c_y c_color
1   0.0  10.0   Win     Win
2  10.0  12.0  Loss    Loss
3  33.0  49.0  Loss    Loss
4  49.0  58.0   Win     Win
# candidates before getting the correct solution: 9
## synthesize result for task 040.json
# table_prog:
  [cumsum(@param0, 2), mutate(cumsum(@param0, 2), -, 4, 2)]
# vis_spec:
    {'mark': {'type': 'bar', 'opacity': 0.8}, 'encoding': {'x': {'field': 'mutate_a', 'type': 'quantitative', 'stack': None}, 'x2': {'field': 'cumsum'}, 'y': {'field': 'Win / Loss', 'type': 'nominal', 'sort': None}, 'color': {'field': 'Win / Loss', 'type': 'nominal'}}}
# time used (s): 31.2761

real	0m32.901s
user	0m32.320s
sys	0m0.360s
