R[write to console]: 
Attaching package: ‘dplyr’


R[write to console]: The following objects are masked from ‘package:stats’:

    filter, lag


R[write to console]: The following objects are masked from ‘package:base’:

    intersect, setdiff, setequal, union


[info] Parsing spec ...
[info] Parsing succeeded
[info] Building synthesizer ...
[info] Synthesizing programs ...
[info] Solution not found!
[info] Synthesizing programs ...
[info] Solution not found!
====> run synthesize 043.json
# num samples per layer: 4
     carat        cut color clarity  depth  table   price     x     y     z
1     0.94      Ideal     G    VVS1   62.4   58.0  6488.0  6.22  6.27  3.90
2     0.30      Ideal     F    VVS1   62.5   57.0   814.0  4.26  4.29  2.67
3     1.01    Premium     G     VS2   62.4   58.0  5999.0  6.38  6.41  3.99
4     0.39      Ideal     G     VS2   62.2   53.9   787.0  4.66  4.69  2.90
5     1.05  Very Good     E     SI2   62.2   59.0  3816.0  6.44  6.51  4.03
..     ...        ...   ...     ...    ...    ...     ...   ...   ...   ...
96    0.30      Ideal     F     SI1   61.9   57.0   475.0  4.31  4.35  2.68
97    0.32      Ideal     E    VVS1   61.5   56.0  1140.0  4.43  4.45  2.73
98    0.31    Premium     F     VS2   60.8   60.0   625.0  4.34  4.37  2.65
99    0.25  Very Good     E    VVS2   63.4   58.0   575.0  3.97  4.01  2.53
100   0.51      Ideal     G     VS1   61.6   56.0  1662.0  5.18  5.15  3.18

[100 rows x 10 columns]
    c_x   c_y c_column
1    IF   1.0  clarity
2     G  23.0    color
3     H  15.0    color
4  VVS1   8.0  clarity
## synthesize result for task 043.json

real	8m48.141s
user	8m47.470s
sys	0m0.500s
