R[write to console]: 
Attaching package: ‘dplyr’


R[write to console]: The following objects are masked from ‘package:stats’:

    filter, lag


R[write to console]: The following objects are masked from ‘package:base’:

    intersect, setdiff, setequal, union


[info] Parsing spec ...
[info] Parsing succeeded
[info] Building synthesizer ...
[info] Synthesizing programs ...
[info] Solution not found!
[info] Synthesizing programs ...
[info] # candidates before getting the correct solution: 1
[info] Solution found: [gatherNeg(@param0, ['-5']), groupSum(gatherNeg(@param0, ['-5']), sum, 3, ['1', '2'])]
====> run synthesize 044.json
# num samples per layer: 4
     Sepal.Length  Sepal.Width  Petal.Length  Petal.Width    Species
1            51.0         35.0          14.0          2.0     setosa
2            49.0          3.0          14.0          2.0     setosa
3            47.0         32.0          13.0          2.0     setosa
4            46.0         31.0          15.0          2.0     setosa
5             5.0         36.0          14.0          2.0     setosa
..            ...          ...           ...          ...        ...
146          67.0          3.0          52.0         23.0  virginica
147          63.0         25.0           5.0         19.0  virginica
148          65.0          3.0          52.0          2.0  virginica
149          62.0         34.0          54.0         23.0  virginica
150          59.0          3.0          51.0         18.0  virginica

[150 rows x 5 columns]
          c_x     c_y       c_color
1   virginica  1163.0   Sepal.Width
2      setosa  1516.0   Sepal.Width
3   virginica  3186.0  Sepal.Length
4  versicolor   600.0   Petal.Width
# candidates before getting the correct solution: 1
## synthesize result for task 044.json
# table_prog:
  [gatherNeg(@param0, ['-5']), groupSum(gatherNeg(@param0, ['-5']), sum, 3, ['1', '2'])]
# vis_spec:
    {'mark': 'bar', 'encoding': {'x': {'field': 'Species', 'type': 'nominal'}, 'y': {'field': 'COL13078', 'type': 'quantitative'}, 'color': {'field': 'KEY', 'type': 'nominal'}}}
# time used (s): 214.4469

real	3m35.754s
user	3m35.200s
sys	0m0.400s
