R[write to console]: 
Attaching package: ‘dplyr’


R[write to console]: The following objects are masked from ‘package:stats’:

    filter, lag


R[write to console]: The following objects are masked from ‘package:base’:

    intersect, setdiff, setequal, union


[info] Parsing spec ...
[info] Parsing succeeded
[info] Building synthesizer ...
[info] Synthesizing programs ...
[info] # candidates before getting the correct solution: 1
[info] Solution found: [gatherNeg(@param0, ['-1'])]
====> run synthesize 045.json
# num samples per layer: 4
              X1   B1   B2   B3   B4
1      Diversity  5.1  3.5  1.4  7.1
2   Endangerment  4.9  3.0  1.4  4.7
3  Marketability  4.7  3.2  1.3  3.2
4          Total  4.6  3.1  1.5  5.1
             c_x  c_y c_color
1      Diversity  3.5      B2
2  Marketability  4.7      B1
3   Endangerment  1.4      B3
4   Endangerment  4.9      B1
# candidates before getting the correct solution: 1
## synthesize result for task 045.json
# table_prog:
  [gatherNeg(@param0, ['-1'])]
# vis_spec:
    {'mark': 'bar', 'encoding': {'x': {'field': 'X1', 'type': 'nominal'}, 'y': {'field': 'VALUE', 'type': 'quantitative'}, 'color': {'field': 'KEY', 'type': 'nominal'}}}
# time used (s): 0.7148

real	0m2.170s
user	0m1.850s
sys	0m0.230s
