R[write to console]: 
Attaching package: ‘dplyr’


R[write to console]: The following objects are masked from ‘package:stats’:

    filter, lag


R[write to console]: The following objects are masked from ‘package:base’:

    intersect, setdiff, setequal, union


[info] Parsing spec ...
[info] Parsing succeeded
[info] Building synthesizer ...
[info] Synthesizing programs ...
[info] # candidates before getting the correct solution: 0
[info] Solution found: [gather(@param0, ['1', '2', '3'])]
====> run synthesize 050.json
# num samples per layer: 4
    Consuntivo 2010  Consuntivo 2011  Obiettivo 2011    id
1           42560.0          64146.0         51072.0   0.0
2           46368.0          74043.0         64915.2   1.0
3           46826.0         110358.0         65556.4   2.0
4           53090.0         132409.0         74326.0   3.0
5           60331.0         162675.0         84463.4   4.0
6           64501.0         171886.0         90301.4   5.0
7           69244.0         184259.0         96941.6   6.0
8           73102.0         188505.0        102342.8   7.0
9           80000.0         204907.0        112000.0   8.0
10          83922.0         212013.0        117490.8   9.0
11          86729.0         221144.0        121420.6  10.0
12          88889.0         221709.0        124444.6  11.0
           c_color   c_x       c_y
1   Obiettivo 2011  11.0  124444.6
2  Consuntivo 2010   2.0   46826.0
3  Consuntivo 2011   0.0   64146.0
4  Consuntivo 2010   4.0   60331.0
# candidates before getting the correct solution: 0
## synthesize result for task 050.json
# table_prog:
  [gather(@param0, ['1', '2', '3'])]
# vis_spec:
    {'mark': 'line', 'encoding': {'x': {'field': 'id', 'type': 'quantitative'}, 'y': {'field': 'VALUE', 'type': 'quantitative'}, 'color': {'field': 'KEY', 'type': 'nominal'}, 'order': {'field': 'id', 'type': 'quantitative'}}}
# time used (s): 0.4636

real	0m1.946s
user	0m1.500s
sys	0m0.360s
