R[write to console]: 
Attaching package: ‘dplyr’


R[write to console]: The following objects are masked from ‘package:stats’:

    filter, lag


R[write to console]: The following objects are masked from ‘package:base’:

    intersect, setdiff, setequal, union


[info] Parsing spec ...
[info] Parsing succeeded
[info] Building synthesizer ...
[info] Synthesizing programs ...
[info] # candidates before getting the correct solution: 0
[info] Solution found: [groupSum(@param0, sum, 2, ['3', '4'])]
====> run synthesize 051.json
# num samples per layer: 4
   Feature  value  Condition Sex
1        A    6.0        1.0   M
2        A    4.0        2.0   M
3        A   10.0        3.0   M
4     Aneg    1.0        1.0   M
5     Aneg    2.0        2.0   M
6     Aneg    6.0        3.0   M
7        A    2.0        1.0   F
8        A    3.0        2.0   F
9        A    4.0        3.0   F
10    Aneg    5.0        1.0   F
11    Aneg    6.0        2.0   F
12    Aneg    9.0        3.0   F
   c_x   c_y  c_color c_column
1  2.0   6.0      2.0        M
2  2.0   9.0      2.0        F
3  3.0  13.0      3.0        F
4  3.0  16.0      3.0        M
# candidates before getting the correct solution: 0
## synthesize result for task 051.json
# table_prog:
  [groupSum(@param0, sum, 2, ['3', '4'])]
# vis_spec:
    {'mark': 'bar', 'encoding': {'x': {'field': 'Condition', 'type': 'nominal'}, 'y': {'field': 'COL128', 'type': 'quantitative'}, 'color': {'field': 'Condition', 'type': 'nominal'}, 'column': {'field': 'Sex', 'type': 'nominal'}}}
# time used (s): 1.7030

real	0m3.178s
user	0m2.780s
sys	0m0.300s
