R[write to console]: 
Attaching package: ‘dplyr’


R[write to console]: The following objects are masked from ‘package:stats’:

    filter, lag


R[write to console]: The following objects are masked from ‘package:base’:

    intersect, setdiff, setequal, union


[info] Parsing spec ...
[info] Parsing succeeded
[info] Building synthesizer ...
[info] Synthesizing programs ...
[info] # candidates before getting the correct solution: 0
[info] Solution found: [groupSum(@param0, n, 3, ['1', '2'])]
====> run synthesize 053.json
# num samples per layer: 4
      date  classes  score
1   9/1/11   french   34.0
2   9/1/11  english   34.0
3   9/1/11   french   34.0
4   9/1/11  spanish   34.0
5   9/2/11   french   34.0
6   9/2/11  english   34.0
7   9/3/11  spanish   34.0
8   9/3/11  spanish   34.0
9   9/5/11  spanish   34.0
10  9/5/11  english   34.0
11  9/5/11   french   34.0
12  9/5/11  english   34.0
   c_x     c_y  c_color
1  1.0  9/2/11   french
2  1.0  9/5/11   french
3  2.0  9/1/11   french
4  2.0  9/3/11  spanish
# candidates before getting the correct solution: 0
## synthesize result for task 053.json
# table_prog:
  [groupSum(@param0, n, 3, ['1', '2'])]
# vis_spec:
    {'mark': 'bar', 'encoding': {'x': {'field': 'COL54', 'type': 'quantitative'}, 'y': {'field': 'date', 'type': 'nominal'}, 'color': {'field': 'classes', 'type': 'nominal'}}}
# time used (s): 1.8257

real	0m3.404s
user	0m2.920s
sys	0m0.270s
