R[write to console]: 
Attaching package: ‘dplyr’


R[write to console]: The following objects are masked from ‘package:stats’:

    filter, lag


R[write to console]: The following objects are masked from ‘package:base’:

    intersect, setdiff, setequal, union


[info] Parsing spec ...
[info] Parsing succeeded
[info] Building synthesizer ...
[info] Synthesizing programs ...
[info] Solution not found!
[info] Synthesizing programs ...
[info] Solution not found!
====> run synthesize 057.json
# num samples per layer: 4
     x_1   x_2   x_3   x_4    y_1   y_2    y_3    y_4
1   10.0  10.0  10.0   8.0   8.04  9.14   7.46   6.58
2    8.0   8.0   8.0   8.0   6.95  8.14   6.77   5.76
3   13.0  13.0  13.0   8.0   7.58  8.74  12.74   7.71
4    9.0   9.0   9.0   8.0   8.81  8.77   7.11   8.84
5   11.0  11.0  11.0   8.0   8.33  9.26   7.81   8.47
6   14.0  14.0  14.0   8.0   9.96  8.10   8.84   7.04
7    6.0   6.0   6.0   8.0   7.24  6.13   6.08   5.25
8    4.0   4.0   4.0  19.0   4.26  3.10   5.39  12.50
9   12.0  12.0  12.0   8.0  10.84  9.13   8.15   5.56
10   7.0   7.0   7.0   8.0   4.82  7.26   6.42   7.91
11   5.0   5.0   5.0   8.0   5.68  4.74   5.73   6.89
    c_x   c_y c_column
1   7.0  7.26        2
2   8.0  6.89        4
3  13.0  8.74        2
4   9.0  8.81        1
## synthesize result for task 057.json

real	0m13.175s
user	0m12.810s
sys	0m0.350s
