R[write to console]: 
Attaching package: ‘dplyr’


R[write to console]: The following objects are masked from ‘package:stats’:

    filter, lag


R[write to console]: The following objects are masked from ‘package:base’:

    intersect, setdiff, setequal, union


[info] Parsing spec ...
[info] Parsing succeeded
[info] Building synthesizer ...
[info] Synthesizing programs ...
[info] # candidates before getting the correct solution: 3
[info] Solution found: [gatherNeg(@param0, ['-2', '-3', '-4'])]
====> run synthesize 058.json
# num samples per layer: 4
          date       type  count   retailer
1   04/17/2018  Completed   12.0  Retailer1
2   04/17/2018     Missed   13.0  Retailer1
3   04/17/2018  Completed   10.0  Retailer2
4   04/19/2018  Completed   10.0  Retailer1
5   04/19/2018     Missed    1.0  Retailer1
6   04/20/2018  Completed    2.0  Retailer2
7   04/20/2018     Missed    1.0  Retailer1
8   04/21/2018  Completed    2.0  Retailer1
9   04/21/2018  Completed    1.0  Retailer2
10  04/21/2018     Missed    1.0  Retailer1
11  04/23/2018  Completed    2.0  Retailer1
12  04/23/2018     Missed    2.0  Retailer2
    c_x         c_y    c_color   c_column
1   2.0  04/20/2018  Completed  Retailer2
2   1.0  04/20/2018     Missed  Retailer1
3  10.0  04/17/2018  Completed  Retailer2
4   2.0  04/21/2018  Completed  Retailer1
# candidates before getting the correct solution: 3
## synthesize result for task 058.json
# table_prog:
  [gatherNeg(@param0, ['-2', '-3', '-4'])]
# vis_spec:
    {'mark': 'bar', 'encoding': {'x': {'field': 'count', 'type': 'quantitative'}, 'y': {'field': 'VALUE', 'type': 'nominal'}, 'color': {'field': 'type', 'type': 'nominal'}, 'column': {'field': 'retailer', 'type': 'nominal'}}}
# time used (s): 0.5126

real	0m2.034s
user	0m1.630s
sys	0m0.260s
