R[write to console]: 
Attaching package: ‘dplyr’


R[write to console]: The following objects are masked from ‘package:stats’:

    filter, lag


R[write to console]: The following objects are masked from ‘package:base’:

    intersect, setdiff, setequal, union


[info] Parsing spec ...
[info] Parsing succeeded
[info] Building synthesizer ...
[info] Synthesizing programs ...
[info] Solution not found!
[info] Synthesizing programs ...
[info] Solution not found!
====> run synthesize 059.json
# num samples per layer: 4
  ID name  personsg1_0min  ...  personsg2_0min  personsg2_10min  personsg2_30min
1  1    A             1.0  ...            10.0             13.0             16.0
2  2    A             2.0  ...            11.0             14.0             17.0
3  3    C             3.0  ...            12.0             15.0             18.0

[3 rows x 8 columns]
   c_x   c_y c_column
1  2.0  11.0        2
2  4.0  13.0        1
3  6.0  15.0        3
4  8.0  17.0        2
## synthesize result for task 059.json

real	0m28.679s
user	0m28.050s
sys	0m0.400s
